<?xml version="1.0" encoding="UTF-8"?>
<!-- Generated by org.testng.reporters.JUnitReportReporter -->
<testsuite skipped="0" hostname="manjeetku" name="com.training.testsuites.DragAndDropTest" tests="1" failures="0" timestamp="14 Dec 2018 11:54:53 GMT" time="6.073" errors="0">
  <testcase name="verifyFrame_DragAndDrop_Elements" time="6.073" classname="com.training.testsuites.DragAndDropTest"/>
</testsuite> <!-- com.training.testsuites.DragAndDropTest -->
